<?xml version="1.0" encoding="UTF-8"?>
<!--suppress ALL -->
<flow xmlns="http://www.springframework.org/schema/webflow"
      xmlns:xsi="http://www.w3.org/2001/XMLSchema-instance"
      xsi:schemaLocation="http://www.springframework.org/schema/webflow
      http://www.springframework.org/schema/webflow/spring-webflow-2.4.xsd"
>
    <view-state id="viewCart" view="viewCart.jsp">
        <transition on="submit" to="viewOrder.jsp">
        </transition>
    </view-state>
    <view-state id="viewOrder">
        <transition on="confirm" to="orderConfirmed.jsp">
        </transition>
    </view-state>
    <view-state id="orderConfirmed" view="orderConfirmed">
        <transition on="returnToIndex" to="returnToIndex">
        </transition>
    </view-state>
    <end-state id="returnToIndex" view="externalRedirect:servletRelative:/index.jsp">
    </end-state>
</flow>